0 info it worked if it ends with ok
1 verbose cli [ '/usr/local/bin/node',
1 verbose cli   '/usr/local/bin/npm',
1 verbose cli   'test',
1 verbose cli   'hello-world.spec.js' ]
2 info using npm@5.3.0
3 info using node@v6.11.2
4 verbose stack Error: ENOENT: no such file or directory, open '/Users/ariannaharadon/exercism/javascript/hello-world/package.json'
4 verbose stack     at Error (native)
5 verbose cwd /Users/ariannaharadon/exercism/javascript/hello-world
6 verbose Darwin 16.7.0
7 verbose argv "/usr/local/bin/node" "/usr/local/bin/npm" "test" "hello-world.spec.js"
8 verbose node v6.11.2
9 verbose npm  v5.3.0
10 error path /Users/ariannaharadon/exercism/javascript/hello-world/package.json
11 error code ENOENT
12 error errno -2
13 error syscall open
14 error enoent ENOENT: no such file or directory, open '/Users/ariannaharadon/exercism/javascript/hello-world/package.json'
15 error enoent This is related to npm not being able to find a file.
16 verbose exit [ -2, true ]
